<?xml version="1.0" encoding="UTF-8"?>
<testng-results ignored="0" total="2" passed="2" failed="0" skipped="0">
  <reporter-output>
  </reporter-output>
  <suite started-at="2018-04-20T09:18:16Z" name="Default suite" finished-at="2018-04-20T09:18:23Z" duration-ms="6275">
    <groups>
    </groups>
    <test started-at="2018-04-20T09:18:16Z" name="Default test" finished-at="2018-04-20T09:18:23Z" duration-ms="6275">
      <class name="testfiles.loginPageTest">
        <test-method is-config="true" signature="setUp()[pri:0, instance:testfiles.loginPageTest@2898ac89]" started-at="2018-04-20T14:48:16Z" name="setUp" finished-at="2018-04-20T14:48:20Z" duration-ms="3242" status="PASS">
          <reporter-output>
          </reporter-output>
        </test-method> <!-- setUp -->
        <test-method signature="loginkaro()[pri:0, instance:testfiles.loginPageTest@2898ac89]" started-at="2018-04-20T14:48:20Z" name="loginkaro" finished-at="2018-04-20T14:48:20Z" duration-ms="9" status="PASS">
          <reporter-output>
          </reporter-output>
        </test-method> <!-- loginkaro -->
        <test-method is-config="true" signature="tearDown()[pri:0, instance:testfiles.loginPageTest@2898ac89]" started-at="2018-04-20T14:48:20Z" name="tearDown" finished-at="2018-04-20T14:48:20Z" duration-ms="0" status="PASS">
          <reporter-output>
          </reporter-output>
        </test-method> <!-- tearDown -->
        <test-method is-config="true" signature="setUp()[pri:0, instance:testfiles.loginPageTest@2898ac89]" started-at="2018-04-20T14:48:20Z" name="setUp" finished-at="2018-04-20T14:48:23Z" duration-ms="3000" status="PASS">
          <reporter-output>
          </reporter-output>
        </test-method> <!-- setUp -->
        <test-method signature="title()[pri:0, instance:testfiles.loginPageTest@2898ac89]" started-at="2018-04-20T14:48:23Z" name="title" finished-at="2018-04-20T14:48:23Z" duration-ms="6" status="PASS">
          <reporter-output>
          </reporter-output>
        </test-method> <!-- title -->
        <test-method is-config="true" signature="tearDown()[pri:0, instance:testfiles.loginPageTest@2898ac89]" started-at="2018-04-20T14:48:23Z" name="tearDown" finished-at="2018-04-20T14:48:23Z" duration-ms="0" status="PASS">
          <reporter-output>
          </reporter-output>
        </test-method> <!-- tearDown -->
      </class> <!-- testfiles.loginPageTest -->
    </test> <!-- Default test -->
  </suite> <!-- Default suite -->
</testng-results>
